[  0%] Built target geometry_msgs_generate_messages_cpp
[  0%] Built target nav_msgs_generate_messages_cpp
[  0%] Built target std_msgs_generate_messages_cpp
[  0%] Built target _av_messages_generate_messages_check_deps_destination
[  0%] Built target _av_messages_generate_messages_check_deps_object
[  0%] Built target _av_messages_generate_messages_check_deps_wayPoint
[35m[1mScanning dependencies of target sensor_msgs_generate_messages_cpp[0m
[  0%] Built target _av_messages_generate_messages_check_deps_lanes
[  0%] Built target _av_messages_generate_messages_check_deps_carState
[  0%] Built target _av_messages_generate_messages_check_deps_velAccel
[  0%] Built target sensor_msgs_generate_messages_cpp
[35m[1mScanning dependencies of target _av_messages_generate_messages_check_deps_depthandimage[0m
[  0%] Built target _av_messages_generate_messages_check_deps_objects
[  0%] Built target _av_messages_generate_messages_check_deps_laneDetections
[  0%] Built target _av_messages_generate_messages_check_deps_map
[35m[1mScanning dependencies of target sensor_msgs_generate_messages_nodejs[0m
[  0%] Built target _av_messages_generate_messages_check_deps_carStateDT
[  0%] Built target std_msgs_generate_messages_nodejs
[  0%] Built target _av_messages_generate_messages_check_deps_depthandimage
[  0%] Built target _av_messages_generate_messages_check_deps_globalPlan
[  0%] Built target sensor_msgs_generate_messages_nodejs
[  0%] Built target _av_messages_generate_messages_check_deps_controlCommand
[35m[1mScanning dependencies of target sensor_msgs_generate_messages_lisp[0m
[  0%] Built target _av_messages_generate_messages_check_deps_localPlan
[  0%] Built target geometry_msgs_generate_messages_nodejs
[  0%] Built target nav_msgs_generate_messages_nodejs
[  0%] Built target geometry_msgs_generate_messages_lisp
[  0%] Built target sensor_msgs_generate_messages_lisp
[  0%] Built target std_msgs_generate_messages_lisp
[  0%] Built target nav_msgs_generate_messages_lisp
[35m[1mScanning dependencies of target sensor_msgs_generate_messages_eus[0m
[35m[1mScanning dependencies of target sensor_msgs_generate_messages_py[0m
[  0%] Built target geometry_msgs_generate_messages_eus
[  0%] Built target sensor_msgs_generate_messages_eus
[  0%] Built target nav_msgs_generate_messages_eus
[  0%] Built target std_msgs_generate_messages_eus
[  0%] Built target _av_messages_generate_messages_check_deps_trafficLights
[  0%] Built target geometry_msgs_generate_messages_py
[  0%] Built target sensor_msgs_generate_messages_py
[  0%] Built target std_msgs_generate_messages_py
[  0%] Built target nav_msgs_generate_messages_py
[  7%] [34m[1mGenerating EusLisp code from av_messages/carState.msg[0m
[  7%] [34m[1mGenerating Lisp code from av_messages/carStateDT.msg[0m
[  7%] [34m[1mGenerating EusLisp code from av_messages/carStateDT.msg[0m
[  7%] [34m[1mGenerating C++ code from av_messages/carStateDT.msg[0m
[  7%] [34m[1mGenerating C++ code from av_messages/carState.msg[0m
[  9%] [34m[1mGenerating Lisp code from av_messages/carState.msg[0m
[  9%] [34m[1mGenerating Javascript code from av_messages/carState.msg[0m
[ 10%] [34m[1mGenerating Javascript code from av_messages/carStateDT.msg[0m
[ 11%] [34m[1mGenerating Javascript code from av_messages/controlCommand.msg[0m
[ 12%] [34m[1mGenerating C++ code from av_messages/controlCommand.msg[0m
[ 14%] [34m[1mGenerating Lisp code from av_messages/controlCommand.msg[0m
[ 15%] [34m[1mGenerating Lisp code from av_messages/depthandimage.msg[0m
[ 16%] [34m[1mGenerating Lisp code from av_messages/destination.msg[0m
[ 18%] [34m[1mGenerating EusLisp code from av_messages/controlCommand.msg[0m
[ 19%] [34m[1mGenerating Javascript code from av_messages/depthandimage.msg[0m
[ 20%] [34m[1mGenerating Javascript code from av_messages/destination.msg[0m
[ 22%] [34m[1mGenerating Javascript code from av_messages/globalPlan.msg[0m
[ 23%] [34m[1mGenerating C++ code from av_messages/depthandimage.msg[0m
[ 24%] [34m[1mGenerating Javascript code from av_messages/laneDetections.msg[0m
[ 25%] [34m[1mGenerating Lisp code from av_messages/globalPlan.msg[0m
[ 27%] [34m[1mGenerating Lisp code from av_messages/laneDetections.msg[0m
[ 28%] [34m[1mGenerating Lisp code from av_messages/lanes.msg[0m
[ 29%] [34m[1mGenerating Lisp code from av_messages/localPlan.msg[0m
[ 31%] [34m[1mGenerating EusLisp code from av_messages/depthandimage.msg[0m
[ 32%] [34m[1mGenerating C++ code from av_messages/destination.msg[0m
[ 33%] [34m[1mGenerating Javascript code from av_messages/lanes.msg[0m
[ 35%] [34m[1mGenerating C++ code from av_messages/globalPlan.msg[0m
[ 36%] [34m[1mGenerating EusLisp code from av_messages/destination.msg[0m
[ 38%] [34m[1mGenerating Lisp code from av_messages/map.msg[0m
[ 38%] [34m[1mGenerating EusLisp code from av_messages/globalPlan.msg[0m
[ 40%] [34m[1mGenerating Javascript code from av_messages/localPlan.msg[0m
[ 41%] [34m[1mGenerating Javascript code from av_messages/map.msg[0m
[ 44%] [34m[1mGenerating Lisp code from av_messages/object.msg[0m
[ 44%] [34m[1mGenerating Lisp code from av_messages/objects.msg[0m
[ 45%] [34m[1mGenerating Javascript code from av_messages/object.msg[0m
[ 46%] [34m[1mGenerating Lisp code from av_messages/trafficLights.msg[0m
[ 48%] [34m[1mGenerating EusLisp code from av_messages/laneDetections.msg[0m
[ 49%] [34m[1mGenerating EusLisp code from av_messages/lanes.msg[0m
[ 50%] [34m[1mGenerating C++ code from av_messages/laneDetections.msg[0m
[ 51%] [34m[1mGenerating C++ code from av_messages/lanes.msg[0m
[ 53%] [34m[1mGenerating C++ code from av_messages/localPlan.msg[0m
[ 54%] [34m[1mGenerating Lisp code from av_messages/velAccel.msg[0m
[ 55%] [34m[1mGenerating C++ code from av_messages/map.msg[0m
[ 57%] [34m[1mGenerating Javascript code from av_messages/objects.msg[0m
[ 58%] [34m[1mGenerating Javascript code from av_messages/trafficLights.msg[0m
[ 59%] [34m[1mGenerating Lisp code from av_messages/wayPoint.msg[0m
[ 61%] [34m[1mGenerating EusLisp code from av_messages/localPlan.msg[0m
[ 62%] [34m[1mGenerating C++ code from av_messages/object.msg[0m
[ 63%] [34m[1mGenerating C++ code from av_messages/objects.msg[0m
[ 64%] [34m[1mGenerating Javascript code from av_messages/velAccel.msg[0m
[ 64%] Built target av_messages_generate_messages_lisp
[ 66%] [34m[1mGenerating C++ code from av_messages/trafficLights.msg[0m
[ 67%] [34m[1mGenerating C++ code from av_messages/velAccel.msg[0m
[ 68%] [34m[1mGenerating Javascript code from av_messages/wayPoint.msg[0m
[ 70%] [34m[1mGenerating C++ code from av_messages/wayPoint.msg[0m
[ 71%] [34m[1mGenerating EusLisp code from av_messages/map.msg[0m
[ 72%] [34m[1mGenerating EusLisp code from av_messages/object.msg[0m
[ 72%] Built target av_messages_generate_messages_nodejs
[ 74%] [34m[1mGenerating Python from MSG av_messages/carState[0m
[ 75%] [34m[1mGenerating Python from MSG av_messages/carStateDT[0m
[ 76%] [34m[1mGenerating Python from MSG av_messages/controlCommand[0m
[ 77%] [34m[1mGenerating Python from MSG av_messages/depthandimage[0m
[ 79%] [34m[1mGenerating Python from MSG av_messages/globalPlan[0m
[ 80%] [34m[1mGenerating Python from MSG av_messages/destination[0m
[ 81%] [34m[1mGenerating EusLisp code from av_messages/objects.msg[0m
[ 81%] Built target av_messages_generate_messages_cpp
[ 83%] [34m[1mGenerating EusLisp code from av_messages/trafficLights.msg[0m
[ 84%] [34m[1mGenerating EusLisp code from av_messages/velAccel.msg[0m
[ 85%] [34m[1mGenerating EusLisp code from av_messages/wayPoint.msg[0m
[ 87%] [34m[1mGenerating Python from MSG av_messages/laneDetections[0m
[ 88%] [34m[1mGenerating Python from MSG av_messages/lanes[0m
[ 89%] [34m[1mGenerating Python from MSG av_messages/localPlan[0m
[ 90%] [34m[1mGenerating Python from MSG av_messages/object[0m
[ 92%] [34m[1mGenerating Python from MSG av_messages/objects[0m
[ 93%] [34m[1mGenerating Python from MSG av_messages/map[0m
[ 94%] [34m[1mGenerating EusLisp manifest code for av_messages[0m
[ 96%] [34m[1mGenerating Python from MSG av_messages/trafficLights[0m
[ 97%] [34m[1mGenerating Python from MSG av_messages/velAccel[0m
[ 98%] [34m[1mGenerating Python from MSG av_messages/wayPoint[0m
[100%] [34m[1mGenerating Python msg __init__.py for av_messages[0m
[100%] Built target av_messages_generate_messages_eus
[100%] Built target av_messages_generate_messages_py
[100%] Built target av_messages_generate_messages
