[  0%] Built target _av_messages_generate_messages_check_deps_velAccel
[  0%] Built target _av_messages_generate_messages_check_deps_carState
[  0%] Built target geometry_msgs_generate_messages_cpp
[  0%] Built target _av_messages_generate_messages_check_deps_wayPoint
[  0%] Built target _av_messages_generate_messages_check_deps_destination
[  0%] Built target nav_msgs_generate_messages_cpp
[  0%] Built target _av_messages_generate_messages_check_deps_lanes
[  0%] Built target std_msgs_generate_messages_cpp
[  0%] Built target _av_messages_generate_messages_check_deps_object
[  0%] Built target _av_messages_generate_messages_check_deps_map
[  0%] Built target _av_messages_generate_messages_check_deps_objects
[  0%] Built target _av_messages_generate_messages_check_deps_carStateDT
[  0%] Built target _av_messages_generate_messages_check_deps_controlCommand
[35m[1mScanning dependencies of target _av_messages_generate_messages_check_deps_trafficLights[0m
[  0%] Built target _av_messages_generate_messages_check_deps_globalPlan
[  0%] Built target _av_messages_generate_messages_check_deps_laneDetections
[  0%] Built target geometry_msgs_generate_messages_py
[  0%] Built target nav_msgs_generate_messages_py
[  0%] Built target std_msgs_generate_messages_py
[  0%] Built target _av_messages_generate_messages_check_deps_trafficLights
[  0%] Built target nav_msgs_generate_messages_nodejs
[  0%] Built target _av_messages_generate_messages_check_deps_localPlan
[  0%] Built target std_msgs_generate_messages_nodejs
[  0%] Built target geometry_msgs_generate_messages_nodejs
[  0%] Built target nav_msgs_generate_messages_eus
[  0%] Built target geometry_msgs_generate_messages_eus
[  0%] Built target std_msgs_generate_messages_eus
[  0%] Built target geometry_msgs_generate_messages_lisp
[  0%] Built target std_msgs_generate_messages_lisp
[  1%] [34m[1mGenerating C++ code from av_messages/trafficLights.msg[0m
[  1%] Built target nav_msgs_generate_messages_lisp
[  2%] [34m[1mGenerating Python from MSG av_messages/trafficLights[0m
[  4%] [34m[1mGenerating Javascript code from av_messages/trafficLights.msg[0m
[  5%] [34m[1mGenerating EusLisp code from av_messages/trafficLights.msg[0m
[ 23%] Built target av_messages_generate_messages_nodejs
[ 25%] [34m[1mGenerating Lisp code from av_messages/trafficLights.msg[0m
[ 43%] Built target av_messages_generate_messages_cpp
[ 62%] Built target av_messages_generate_messages_eus
[ 80%] Built target av_messages_generate_messages_lisp
[ 81%] [34m[1mGenerating Python msg __init__.py for av_messages[0m
[100%] Built target av_messages_generate_messages_py
[100%] Built target av_messages_generate_messages
