Symlinking /home/sahil/DorleCo/devel/include/av_messages/controlCommand.h
Symlinking /home/sahil/DorleCo/devel/include/av_messages/destination.h
Symlinking /home/sahil/DorleCo/devel/include/av_messages/lanes.h
Symlinking /home/sahil/DorleCo/devel/include/av_messages/velAccel.h
Symlinking /home/sahil/DorleCo/devel/include/av_messages/globalPlan.h
Symlinking /home/sahil/DorleCo/devel/include/av_messages/object.h
Symlinking /home/sahil/DorleCo/devel/include/av_messages/wayPoint.h
Symlinking /home/sahil/DorleCo/devel/include/av_messages/objects.h
Symlinking /home/sahil/DorleCo/devel/include/av_messages/localPlan.h
Symlinking /home/sahil/DorleCo/devel/include/av_messages/map.h
Symlinking /home/sahil/DorleCo/devel/include/av_messages/laneDetections.h
Symlinking /home/sahil/DorleCo/devel/include/av_messages/carStateDT.h
Symlinking /home/sahil/DorleCo/devel/include/av_messages/carState.h
Symlinking /home/sahil/DorleCo/devel/share/roseus/ros/av_messages/manifest.l
Symlinking /home/sahil/DorleCo/devel/share/roseus/ros/av_messages/msg/carState.l
Symlinking /home/sahil/DorleCo/devel/share/roseus/ros/av_messages/msg/object.l
Symlinking /home/sahil/DorleCo/devel/share/roseus/ros/av_messages/msg/lanes.l
Symlinking /home/sahil/DorleCo/devel/share/roseus/ros/av_messages/msg/velAccel.l
Symlinking /home/sahil/DorleCo/devel/share/roseus/ros/av_messages/msg/laneDetections.l
Symlinking /home/sahil/DorleCo/devel/share/roseus/ros/av_messages/msg/globalPlan.l
Symlinking /home/sahil/DorleCo/devel/share/roseus/ros/av_messages/msg/carStateDT.l
Symlinking /home/sahil/DorleCo/devel/share/roseus/ros/av_messages/msg/wayPoint.l
Symlinking /home/sahil/DorleCo/devel/share/roseus/ros/av_messages/msg/objects.l
Symlinking /home/sahil/DorleCo/devel/share/roseus/ros/av_messages/msg/map.l
Symlinking /home/sahil/DorleCo/devel/share/roseus/ros/av_messages/msg/controlCommand.l
Symlinking /home/sahil/DorleCo/devel/share/roseus/ros/av_messages/msg/localPlan.l
Symlinking /home/sahil/DorleCo/devel/share/roseus/ros/av_messages/msg/destination.l
Symlinking /home/sahil/DorleCo/devel/share/common-lisp/ros/av_messages/msg/carStateDT.lisp
Symlinking /home/sahil/DorleCo/devel/share/common-lisp/ros/av_messages/msg/_package_wayPoint.lisp
Symlinking /home/sahil/DorleCo/devel/share/common-lisp/ros/av_messages/msg/_package_globalPlan.lisp
Symlinking /home/sahil/DorleCo/devel/share/common-lisp/ros/av_messages/msg/_package_carState.lisp
Symlinking /home/sahil/DorleCo/devel/share/common-lisp/ros/av_messages/msg/_package_destination.lisp
Symlinking /home/sahil/DorleCo/devel/share/common-lisp/ros/av_messages/msg/localPlan.lisp
Symlinking /home/sahil/DorleCo/devel/share/common-lisp/ros/av_messages/msg/map.lisp
Symlinking /home/sahil/DorleCo/devel/share/common-lisp/ros/av_messages/msg/destination.lisp
Symlinking /home/sahil/DorleCo/devel/share/common-lisp/ros/av_messages/msg/_package_velAccel.lisp
Symlinking /home/sahil/DorleCo/devel/share/common-lisp/ros/av_messages/msg/globalPlan.lisp
Symlinking /home/sahil/DorleCo/devel/share/common-lisp/ros/av_messages/msg/objects.lisp
Symlinking /home/sahil/DorleCo/devel/share/common-lisp/ros/av_messages/msg/velAccel.lisp
Symlinking /home/sahil/DorleCo/devel/share/common-lisp/ros/av_messages/msg/wayPoint.lisp
Symlinking /home/sahil/DorleCo/devel/share/common-lisp/ros/av_messages/msg/_package_controlCommand.lisp
Symlinking /home/sahil/DorleCo/devel/share/common-lisp/ros/av_messages/msg/_package_object.lisp
Symlinking /home/sahil/DorleCo/devel/share/common-lisp/ros/av_messages/msg/_package_carStateDT.lisp
Symlinking /home/sahil/DorleCo/devel/share/common-lisp/ros/av_messages/msg/laneDetections.lisp
Symlinking /home/sahil/DorleCo/devel/share/common-lisp/ros/av_messages/msg/_package_lanes.lisp
Symlinking /home/sahil/DorleCo/devel/share/common-lisp/ros/av_messages/msg/_package_laneDetections.lisp
Symlinking /home/sahil/DorleCo/devel/share/common-lisp/ros/av_messages/msg/_package_objects.lisp
Symlinking /home/sahil/DorleCo/devel/share/common-lisp/ros/av_messages/msg/lanes.lisp
Symlinking /home/sahil/DorleCo/devel/share/common-lisp/ros/av_messages/msg/carState.lisp
Symlinking /home/sahil/DorleCo/devel/share/common-lisp/ros/av_messages/msg/av_messages-msg.asd
Symlinking /home/sahil/DorleCo/devel/share/common-lisp/ros/av_messages/msg/object.lisp
Symlinking /home/sahil/DorleCo/devel/share/common-lisp/ros/av_messages/msg/_package_localPlan.lisp
Symlinking /home/sahil/DorleCo/devel/share/common-lisp/ros/av_messages/msg/controlCommand.lisp
Symlinking /home/sahil/DorleCo/devel/share/common-lisp/ros/av_messages/msg/_package.lisp
Symlinking /home/sahil/DorleCo/devel/share/common-lisp/ros/av_messages/msg/_package_map.lisp
Symlinking /home/sahil/DorleCo/devel/share/av_messages/cmake/av_messages-msg-paths.cmake
Symlinking /home/sahil/DorleCo/devel/share/av_messages/cmake/av_messagesConfig.cmake
Symlinking /home/sahil/DorleCo/devel/share/av_messages/cmake/av_messagesConfig-version.cmake
Symlinking /home/sahil/DorleCo/devel/share/av_messages/cmake/av_messages-msg-extras.cmake
Symlinking /home/sahil/DorleCo/devel/share/gennodejs/ros/av_messages/_index.js
Symlinking /home/sahil/DorleCo/devel/share/gennodejs/ros/av_messages/msg/controlCommand.js
Symlinking /home/sahil/DorleCo/devel/share/gennodejs/ros/av_messages/msg/velAccel.js
Symlinking /home/sahil/DorleCo/devel/share/gennodejs/ros/av_messages/msg/localPlan.js
Symlinking /home/sahil/DorleCo/devel/share/gennodejs/ros/av_messages/msg/_index.js
Symlinking /home/sahil/DorleCo/devel/share/gennodejs/ros/av_messages/msg/globalPlan.js
Symlinking /home/sahil/DorleCo/devel/share/gennodejs/ros/av_messages/msg/objects.js
Symlinking /home/sahil/DorleCo/devel/share/gennodejs/ros/av_messages/msg/object.js
Symlinking /home/sahil/DorleCo/devel/share/gennodejs/ros/av_messages/msg/destination.js
Symlinking /home/sahil/DorleCo/devel/share/gennodejs/ros/av_messages/msg/wayPoint.js
Symlinking /home/sahil/DorleCo/devel/share/gennodejs/ros/av_messages/msg/laneDetections.js
Symlinking /home/sahil/DorleCo/devel/share/gennodejs/ros/av_messages/msg/map.js
Symlinking /home/sahil/DorleCo/devel/share/gennodejs/ros/av_messages/msg/carState.js
Symlinking /home/sahil/DorleCo/devel/share/gennodejs/ros/av_messages/msg/lanes.js
Symlinking /home/sahil/DorleCo/devel/share/gennodejs/ros/av_messages/msg/carStateDT.js
Symlinking /home/sahil/DorleCo/devel/lib/pkgconfig/av_messages.pc
Symlinking /home/sahil/DorleCo/devel/lib/python3/dist-packages/av_messages/__init__.py
Symlinking /home/sahil/DorleCo/devel/lib/python3/dist-packages/av_messages/msg/_wayPoint.py
Symlinking /home/sahil/DorleCo/devel/lib/python3/dist-packages/av_messages/msg/_globalPlan.py
Symlinking /home/sahil/DorleCo/devel/lib/python3/dist-packages/av_messages/msg/_object.py
Symlinking /home/sahil/DorleCo/devel/lib/python3/dist-packages/av_messages/msg/_objects.py
Symlinking /home/sahil/DorleCo/devel/lib/python3/dist-packages/av_messages/msg/_localPlan.py
Symlinking /home/sahil/DorleCo/devel/lib/python3/dist-packages/av_messages/msg/_carStateDT.py
Symlinking /home/sahil/DorleCo/devel/lib/python3/dist-packages/av_messages/msg/_destination.py
Symlinking /home/sahil/DorleCo/devel/lib/python3/dist-packages/av_messages/msg/_carState.py
Symlinking /home/sahil/DorleCo/devel/lib/python3/dist-packages/av_messages/msg/_controlCommand.py
Symlinking /home/sahil/DorleCo/devel/lib/python3/dist-packages/av_messages/msg/__init__.py
Symlinking /home/sahil/DorleCo/devel/lib/python3/dist-packages/av_messages/msg/_laneDetections.py
Symlinking /home/sahil/DorleCo/devel/lib/python3/dist-packages/av_messages/msg/_velAccel.py
Symlinking /home/sahil/DorleCo/devel/lib/python3/dist-packages/av_messages/msg/_lanes.py
Symlinking /home/sahil/DorleCo/devel/lib/python3/dist-packages/av_messages/msg/_map.py
