Not searching for unused variables given on the command line.
[36m--[0m Using CATKIN_DEVEL_PREFIX: /home/sahil/DorleCo/devel/.private/av_messages
[36m--[0m Using CMAKE_PREFIX_PATH: /home/sahil/DorleCo/devel;/opt/ros/noetic
[36m--[0m This workspace overlays: /home/sahil/DorleCo/devel;/opt/ros/noetic
[36m--[0m Found PythonInterp: /usr/bin/python3 (found suitable version "3.8.10", minimum required is "3")
[36m--[0m Using PYTHON_EXECUTABLE: /usr/bin/python3
[36m--[0m Using Debian Python package layout
[36m--[0m Using empy: /usr/lib/python3/dist-packages/em.py
[36m--[0m Using CATKIN_ENABLE_TESTING: ON
[36m--[0m Call enable_testing()
[36m--[0m Using CATKIN_TEST_RESULTS_DIR: /home/sahil/DorleCo/build/av_messages/test_results
[36m--[0m Forcing gtest/gmock from source, though one was otherwise available.
[36m--[0m Found gtest sources under '/usr/src/googletest': gtests will be built
[36m--[0m Found gmock sources under '/usr/src/googletest': gmock will be built
[36m--[0m Found PythonInterp: /usr/bin/python3 (found version "3.8.10")
[36m--[0m Using Python nosetests: /usr/bin/nosetests3
[36m--[0m catkin 0.8.10
[36m--[0m BUILD_SHARED_LIBS is on
[36m--[0m Using these message generators: gencpp;geneus;genlisp;gennodejs;genpy
[31m[1mCMake Error[0m at /home/sahil/DorleCo/build/av_messages/cmake/av_messages-genmsg.cmake:3 (message):
  Could not find messages which
  '/home/sahil/DorleCo/src/av_messages/msg/map.msg' depends on.  Did you
  forget to specify generate_messages(DEPENDENCIES ...)?

  Cannot locate message [Object] in package [av_messages] with paths
  [['/home/sahil/DorleCo/src/av_messages/msg']]
[36mCall Stack (most recent call first):[0m
  /opt/ros/noetic/share/genmsg/cmake/genmsg-extras.cmake:307 (include)
  CMakeLists.txt:70 (generate_messages)


[36m--[0m Configuring incomplete, errors occurred!
See also "/home/sahil/DorleCo/build/av_messages/CMakeFiles/CMakeOutput.log".
See also "/home/sahil/DorleCo/build/av_messages/CMakeFiles/CMakeError.log".
