[  0%] Built target _av_messages_generate_messages_check_deps_velAccel
[  0%] Built target geometry_msgs_generate_messages_cpp
[  0%] Built target _av_messages_generate_messages_check_deps_carState
[  0%] Built target _av_messages_generate_messages_check_deps_lanes
[  0%] Built target _av_messages_generate_messages_check_deps_object
[  0%] Built target nav_msgs_generate_messages_cpp
[  0%] Built target _av_messages_generate_messages_check_deps_destination
[  0%] Built target _av_messages_generate_messages_check_deps_wayPoint
[  0%] Built target std_msgs_generate_messages_cpp
[  0%] Built target _av_messages_generate_messages_check_deps_laneDetections
[  0%] Built target sensor_msgs_generate_messages_cpp
[  0%] Built target _av_messages_generate_messages_check_deps_objects
[  0%] Built target _av_messages_generate_messages_check_deps_carStateDT
[  0%] Built target _av_messages_generate_messages_check_deps_map
[  0%] Built target _av_messages_generate_messages_check_deps_controlCommand
[  0%] Built target _av_messages_generate_messages_check_deps_depthandimage
[  0%] Built target _av_messages_generate_messages_check_deps_globalPlan
[  0%] Built target _av_messages_generate_messages_check_deps_localPlan
[  0%] Built target std_msgs_generate_messages_nodejs
[  0%] Built target sensor_msgs_generate_messages_nodejs
[  0%] Built target _av_messages_generate_messages_check_deps_trafficLights
[  0%] Built target nav_msgs_generate_messages_nodejs
[  0%] Built target sensor_msgs_generate_messages_lisp
[  0%] Built target geometry_msgs_generate_messages_nodejs
[  0%] Built target geometry_msgs_generate_messages_lisp
[  0%] Built target nav_msgs_generate_messages_lisp
[  0%] Built target geometry_msgs_generate_messages_eus
[  0%] Built target std_msgs_generate_messages_lisp
[  0%] Built target sensor_msgs_generate_messages_eus
[  0%] Built target nav_msgs_generate_messages_eus
[  0%] Built target sensor_msgs_generate_messages_py
[  0%] Built target std_msgs_generate_messages_eus
[  0%] Built target geometry_msgs_generate_messages_py
[  0%] Built target std_msgs_generate_messages_py
[  0%] Built target nav_msgs_generate_messages_py
[ 19%] Built target av_messages_generate_messages_cpp
[ 38%] Built target av_messages_generate_messages_nodejs
[ 72%] Built target av_messages_generate_messages_lisp
[ 79%] Built target av_messages_generate_messages_eus
[100%] Built target av_messages_generate_messages_py
[100%] Built target av_messages_generate_messages
